<?xml version="1.0" encoding="UTF-8"?>
<testsuite xmlns:xsi="http://www.w3.org/2001/XMLSchema-instance" xsi:noNamespaceSchemaLocation="https://maven.apache.org/surefire/maven-surefire-plugin/xsd/surefire-test-report.xsd" name="MyTest" time="0.125" tests="10" errors="0" skipped="0" failures="0">
  <properties>
[...]
</properties>
  <testcase name="swap1" classname="MyTest" time="0.018"/>
  <testcase name="swap2" classname="MyTest" time="0.001"/>
  <testcase name="swap3" classname="MyTest" time="0"/>
  <testcase name="swap4" classname="MyTest" time="0"/>
  <testcase name="AIOne1" classname="MyTest" time="0.029"/>
  <testcase name="AIOne2" classname="MyTest" time="0.015"/>
  <testcase name="AITwo1" classname="MyTest" time="0.034"/>
  <testcase name="AITwo2" classname="MyTest" time="0.013"/>
  <testcase name="Array1" classname="MyTest" time="0"/>
  <testcase name="Array2" classname="MyTest" time="0"/>
</testsuite>